C51 COMPILER V9.60.0.0   MATRIX                                                            11/15/2022 21:04:19 PAGE 1   


C51 COMPILER V9.60.0.0, COMPILATION OF MODULE MATRIX
OBJECT MODULE PLACED IN .\Objects\Matrix.obj
COMPILER INVOKED BY: D:\Keil_v5\C51\BIN\C51.EXE Matrix\Matrix.c OPTIMIZE(8,SPEED) BROWSE INCDIR(.\Keys;.\Matrix;.\Shumag
                    -;.\Timer;.\Main;.\Tool;.\Calculator) DEBUG OBJECTEXTEND PRINT(.\Listings\Matrix.lst) TABS(2) OBJECT(.\Objects\Matrix.obj
                    -)

line level    source

   1          #include "Matrix.h"
   2          #include "Tool.h"
   3          
   4          uchar code shown[6][8] = {
   5              {
   6                  0xE7, 0xE7, 0xE7, 0x00, 0x00, 0xE7, 0xE7, 0xE7, // +
   7              },
   8              {
   9                  0xE7, 0xE7, 0xE7, 0x00, 0x00, 0xE7, 0xE7, 0xE7, // -
  10              },
  11              {
  12                  0x3C, 0x18, 0x81, 0xC3, 0xC3, 0x81, 0x18, 0x3C, // x
  13              },
  14              {
  15                  0xE7, 0xE7, 0xFF, 0x00, 0x00, 0xFF, 0xE7, 0xE7, // /
  16              },
  17              {
  18                  0xFF, 0xFF, 0xFF, 0xDB, 0xDB, 0xDB, 0xE7, 0xFF, // ^
  19              },
  20              {
  21                  0xFF, 0xFF, 0x81, 0xFF, 0xFF, 0x81, 0xFF, 0xFF, // =
  22              }};
  23          
  24          void showMatrix()
  25          {
  26   1          uchar k, j, row;
  27   1          for (k = 0; k < 7; k++)
  28   1          {
  29   2              row = 0x80;
  30   2              for (j = 0; j < 8; j++)
  31   2              {
  32   3      
  33   3                  Send_Byte(shown[k][j]);
  34   3      
  35   3                  Send_Byte(row);
  36   3      
  37   3                  R_CLK = 1;
  38   3      
  39   3                  R_CLK = 0;
  40   3      
  41   3                  row >>= 1;
  42   3              }
  43   2          }
  44   1      }
  45          
  46          void Send_Byte(uchar dat)
  47          {
  48   1          unsigned char i = 0;
  49   1          S_CLK = 0;
  50   1          R_CLK = 0;
  51   1          for (i = 0; i < 8; i++)
  52   1          {
  53   2      
C51 COMPILER V9.60.0.0   MATRIX                                                            11/15/2022 21:04:19 PAGE 2   

  54   2              if (dat & 0x01)
  55   2                  DIO = 1;
  56   2              else
  57   2                  DIO = 0;
  58   2              S_CLK = 1;
  59   2              dat >>= 1;
  60   2              S_CLK = 0;
  61   2          }
  62   1      }


MODULE INFORMATION:   STATIC OVERLAYABLE
   CODE SIZE        =    125    ----
   CONSTANT SIZE    =     48    ----
   XDATA SIZE       =   ----    ----
   PDATA SIZE       =   ----    ----
   DATA SIZE        =   ----       3
   IDATA SIZE       =   ----    ----
   BIT SIZE         =   ----    ----
END OF MODULE INFORMATION.


C51 COMPILATION COMPLETE.  0 WARNING(S),  0 ERROR(S)
