C51 COMPILER V9.60.0.0   SHUMAG                                                            11/15/2022 21:04:19 PAGE 1   


C51 COMPILER V9.60.0.0, COMPILATION OF MODULE SHUMAG
OBJECT MODULE PLACED IN .\Objects\Shumag.obj
COMPILER INVOKED BY: D:\Keil_v5\C51\BIN\C51.EXE Shumag\Shumag.c OPTIMIZE(8,SPEED) BROWSE INCDIR(.\Keys;.\Matrix;.\Shumag
                    -;.\Timer;.\Main;.\Tool;.\Calculator) DEBUG OBJECTEXTEND PRINT(.\Listings\Shumag.lst) TABS(2) OBJECT(.\Objects\Shumag.obj
                    -)

line level    source

   1          #include "Shumag.h"
   2          #include "Tool.h"
   3          
   4          uchar code numbers[] = {
   5              0x3F, // "0"
   6              0x06, // "1"
   7              0x5B, // "2"
   8              0x4F, // "3"
   9              0x66, // "4"
  10              0x6D, // "5"
  11              0x7D, // "6"
  12              0x07, // "7"
  13              0x7F, // "8"
  14              0x6F, // "9"
  15              0x79, // "E"
  16              0x73, // "P"
  17              0x80, // "."
  18              0x00, // "all down"
  19          };
  20          
  21          wein shumaguan[] = {
  22              {0x7f, 0x00},
  23              {0xbf, 0x00},
  24              {0xdf, 0x00},
  25              {0xef, 0x00},
  26              {0xf7, 0x00},
  27              {0xfb, 0x00},
  28              {0xfd, 0x00},
  29              {0xfe, 0x00},
  30          };
  31          
  32          uchar baite = 0;
  33          
  34          void display(int c)
  35          {
  36   1          if (c == 8)
  37   1          {
  38   2              c = 0;
  39   2          }
  40   1          else
  41   1          {
  42   2              xw = 1;
  43   2              P0 = shumaguan[c].wei;
  44   2              xw = 0;
  45   2              xd = 1;
  46   2              P0 = shumaguan[c].duan;
  47   2              xd = 0;
  48   2              c++;
  49   2          }
  50   1      }


MODULE INFORMATION:   STATIC OVERLAYABLE
C51 COMPILER V9.60.0.0   SHUMAG                                                            11/15/2022 21:04:19 PAGE 2   

   CODE SIZE        =     38    ----
   CONSTANT SIZE    =     14    ----
   XDATA SIZE       =   ----    ----
   PDATA SIZE       =   ----    ----
   DATA SIZE        =     17    ----
   IDATA SIZE       =   ----    ----
   BIT SIZE         =   ----    ----
END OF MODULE INFORMATION.


C51 COMPILATION COMPLETE.  0 WARNING(S),  0 ERROR(S)
