C51 COMPILER V9.60.0.0   TIMER                                                             11/15/2022 21:04:19 PAGE 1   


C51 COMPILER V9.60.0.0, COMPILATION OF MODULE TIMER
OBJECT MODULE PLACED IN .\Objects\Timer.obj
COMPILER INVOKED BY: D:\Keil_v5\C51\BIN\C51.EXE Timer\Timer.c OPTIMIZE(8,SPEED) BROWSE INCDIR(.\Keys;.\Matrix;.\Shumag;.
                    -\Timer;.\Main;.\Tool;.\Calculator) DEBUG OBJECTEXTEND PRINT(.\Listings\Timer.lst) TABS(2) OBJECT(.\Objects\Timer.obj)

line level    source

   1          #include "Timer.h"
   2          #include "REG52.H"
   3          
   4          void Timer0Init(void)
   5          {
   6   1          TMOD = 0x01;
   7   1          TH0 = 0x3C; // us = 0x3CB0 = 15.625ms
   8   1          TL0 = 0xB0;
   9   1          ET0 = 1;
  10   1          EA = 1;
  11   1          TR0 = 1;
  12   1      }
  13          
  14          void Timer1Init(void)
  15          {
  16   1          TMOD = 0x10;
  17   1          TH1 = 0x3C; //us = 0x3CB0 = 15.625ms
  18   1          TL1 = 0xB0;
  19   1          ET1 = 1;
  20   1          EA = 1;
  21   1          TR1 = 1;
  22   1      }
  23          
  24          


MODULE INFORMATION:   STATIC OVERLAYABLE
   CODE SIZE        =     32    ----
   CONSTANT SIZE    =   ----    ----
   XDATA SIZE       =   ----    ----
   PDATA SIZE       =   ----    ----
   DATA SIZE        =   ----    ----
   IDATA SIZE       =   ----    ----
   BIT SIZE         =   ----    ----
END OF MODULE INFORMATION.


C51 COMPILATION COMPLETE.  0 WARNING(S),  0 ERROR(S)
