C51 COMPILER V9.60.0.0   TOOL                                                              11/15/2022 21:04:19 PAGE 1   


C51 COMPILER V9.60.0.0, COMPILATION OF MODULE TOOL
OBJECT MODULE PLACED IN .\Objects\Tool.obj
COMPILER INVOKED BY: D:\Keil_v5\C51\BIN\C51.EXE Tool\Tool.c OPTIMIZE(8,SPEED) BROWSE INCDIR(.\Keys;.\Matrix;.\Shumag;.\T
                    -imer;.\Main;.\Tool;.\Calculator) DEBUG OBJECTEXTEND PRINT(.\Listings\Tool.lst) TABS(2) OBJECT(.\Objects\Tool.obj)

line level    source

   1          #include "Tool.h"
   2          
   3          void delayMillis(int millis){
   4   1          int i,j;
   5   1          for(i=0;i<millis;i++){
   6   2              for(j=0;j<110;j++){
   7   3                  ;
   8   3              }
   9   2          }
  10   1      }


MODULE INFORMATION:   STATIC OVERLAYABLE
   CODE SIZE        =     38    ----
   CONSTANT SIZE    =   ----    ----
   XDATA SIZE       =   ----    ----
   PDATA SIZE       =   ----    ----
   DATA SIZE        =   ----    ----
   IDATA SIZE       =   ----    ----
   BIT SIZE         =   ----    ----
END OF MODULE INFORMATION.


C51 COMPILATION COMPLETE.  0 WARNING(S),  0 ERROR(S)
