C51 COMPILER V9.60.0.0   HELLOSINGLECHIP                                                   10/10/2022 16:34:46 PAGE 1   


C51 COMPILER V9.60.0.0, COMPILATION OF MODULE HELLOSINGLECHIP
OBJECT MODULE PLACED IN .\Objects\HelloSingleChip.obj
COMPILER INVOKED BY: D:\Keil_v5\C51\BIN\C51.EXE HelloSingleChip.c OPTIMIZE(8,SPEED) BROWSE DEBUG OBJECTEXTEND PRINT(.\Li
                    -stings\HelloSingleChip.lst) TABS(2) OBJECT(.\Objects\HelloSingleChip.obj)

line level    source

   1          #include <reg52.h>
   2          
   3          #define sleepd 1
   4          #define led_group 0
   5          #define digit 0
   6          #define dig_led 1
   7          
   8          sbit fir=P0;
   9          
  10          #if sleepd
  11          void sleep(millis);
  12          #endif
  13          
  14          void main(){
  15   1        #if led_group
                int i=0;
                while(1){
                  P1=0xfe;
                  for(i;i<8;i++){
                    P1 = P1<<1;
                    P1|=0x01;
                    sleep(400);
                  }
                  i=0;
                }
                #endif
  27   1        #if digit
                int i=0;
                while(1){
                  P0=0x01;
                  for(i;;i++){
                    P0+=i;
                    sleep(400);
                  }
                }
                #endif
  37   1        #if dig_led
  38   1        int i=0,j;
  39   1        while(1){
  40   2          P0=0x01;
  41   2          for(;;i++){
  42   3            P1=0xfe;
  43   3            sleep(10);
  44   3            for(j=0;j<7;j++){
  45   4              P0++;
  46   4              P1<<=1;
  47   4              P1|=0x01;
  48   4              sleep(400);
  49   4            }
  50   3          }
  51   2        } 
  52   1        #endif
  53   1      }
  54          
C51 COMPILER V9.60.0.0   HELLOSINGLECHIP                                                   10/10/2022 16:34:46 PAGE 2   

  55          #if sleepd
  56          void sleep(int millis)
  57          {
  58   1        int i,j;
  59   1        for(i=0;i<millis;i++){
  60   2          for(j=0;j<115;j++){}
  61   2        }
  62   1      }
  63          #endif


MODULE INFORMATION:   STATIC OVERLAYABLE
   CODE SIZE        =    108    ----
   CONSTANT SIZE    =   ----    ----
   XDATA SIZE       =   ----    ----
   PDATA SIZE       =   ----    ----
   DATA SIZE        =   ----       4
   IDATA SIZE       =   ----    ----
   BIT SIZE         =   ----    ----
END OF MODULE INFORMATION.


C51 COMPILATION COMPLETE.  0 WARNING(S),  0 ERROR(S)
