C51 COMPILER V9.60.0.0   HELLO                                                             10/15/2022 00:59:14 PAGE 1   


C51 COMPILER V9.60.0.0, COMPILATION OF MODULE HELLO
OBJECT MODULE PLACED IN .\Objects\Hello.obj
COMPILER INVOKED BY: D:\Keil_v5\C51\BIN\C51.EXE Hello.c OPTIMIZE(8,SPEED) BROWSE DEBUG OBJECTEXTEND PRINT(.\Listings\Hel
                    -lo.lst) TABS(2) OBJECT(.\Objects\Hello.obj)

line level    source

   1          #include <reg52.h>
   2          #include "utils.h"
   3          
   4          sbit led=P1^1;
   5          
   6          void main(){
   7   1        int T=10;
   8   1        int i = 0;
   9   1        while(1){
  10   2          for(i;i<=T;i++){
  11   3            led =0;
  12   3            sleep(i);
  13   3            led =1;
  14   3            sleep(T-1);
  15   3          }
  16   2        }
  17   1      }


MODULE INFORMATION:   STATIC OVERLAYABLE
   CODE SIZE        =    162    ----
   CONSTANT SIZE    =   ----    ----
   XDATA SIZE       =   ----    ----
   PDATA SIZE       =   ----    ----
   DATA SIZE        =      3       4
   IDATA SIZE       =   ----    ----
   BIT SIZE         =   ----    ----
END OF MODULE INFORMATION.


C51 COMPILATION COMPLETE.  0 WARNING(S),  0 ERROR(S)
