C51 COMPILER V9.60.0.0   KEYPIPE                                                           10/10/2022 16:33:17 PAGE 1   


C51 COMPILER V9.60.0.0, COMPILATION OF MODULE KEYPIPE
OBJECT MODULE PLACED IN .\Objects\KeyPipe.obj
COMPILER INVOKED BY: D:\Keil_v5\C51\BIN\C51.EXE KeyPipe.c OPTIMIZE(8,SPEED) BROWSE DEBUG OBJECTEXTEND PRINT(.\Listings\K
                    -eyPipe.lst) TABS(2) OBJECT(.\Objects\KeyPipe.obj)

line level    source

   1          #include <reg52.h>
   2          #include "utils.h"
   3          sbit pipe=P0^1;
   4          
   5          void main(){
   6   1        while(1){
   7   2          int i=0;
   8   2          for(i;;i++){
   9   3            pipe = i;
  10   3            sleep(50);
  11   3          }
  12   2        }
  13   1      }


MODULE INFORMATION:   STATIC OVERLAYABLE
   CODE SIZE        =    124    ----
   CONSTANT SIZE    =   ----    ----
   XDATA SIZE       =   ----    ----
   PDATA SIZE       =   ----    ----
   DATA SIZE        =      3       2
   IDATA SIZE       =   ----    ----
   BIT SIZE         =   ----    ----
END OF MODULE INFORMATION.


C51 COMPILATION COMPLETE.  0 WARNING(S),  0 ERROR(S)
