C51 COMPILER V9.60.0.0   MAIN                                                              10/20/2022 17:14:17 PAGE 1   


C51 COMPILER V9.60.0.0, COMPILATION OF MODULE MAIN
OBJECT MODULE PLACED IN .\Objects\Main.obj
COMPILER INVOKED BY: D:\Keil_v5\C51\BIN\C51.EXE src\Main.c OPTIMIZE(8,SPEED) BROWSE INCDIR(..\LearningProject_1) DEBUG O
                    -BJECTEXTEND PRINT(.\Listings\Main.lst) TABS(2) OBJECT(.\Objects\Main.obj)

line level    source

   1          #include <reg52.h>
   2          #include <intrins.h>
   3          #define uint unsigned int
   4          #define uchar unsigned char
   5          
   6          uint i_d = 0, i_c = 0, num = 0;
   7          
   8          sbit wela = P2 ^ 7;
   9          sbit dula = P2 ^ 6;
  10          
  11          uchar code characters[] = {
  12              0x3F, // "0"
  13              0x06, // "1"
  14              0x5B, // "2"
  15              0x4F, // "3"
  16              0x66, // "4"
  17              0x6D, // "5"
  18          };
  19          uchar code digits[] = {
  20              0xfe, // 1111 1110
  21              0xfd, // 1111 1101
  22              0xfb, // 1111 1011
  23              0xf7, // 1111 0111
  24              0xef, // 1110 1111
  25          };
  26          
  27          void sleep(uint millis)
  28          {
  29   1          uint i, j;
  30   1          for (i = 0; i < millis; i++)
  31   1          {
  32   2              for (j = 0; j < 50; j++)
  33   2              {
  34   3              }
  35   2          }
  36   1      }
  37          
  38          void main()
  39          {
  40   1          while (1)
  41   1          {
  42   2              i_d = 0;
  43   2              i_c = 0;
  44   2              for (num = 0; num < 5; num++)
  45   2              {
  46   3                  wela = 1;
  47   3                  P0 = digits[i_d++];
  48   3                  wela = 0;
  49   3                  // P0 = 0xff;
  50   3                  dula = 1;
  51   3                  P0 = characters[i_c++];
  52   3                  dula = 0;
  53   3                  sleep(1);
  54   3              }
C51 COMPILER V9.60.0.0   MAIN                                                              10/20/2022 17:14:17 PAGE 2   

  55   2          }
  56   1      }


MODULE INFORMATION:   STATIC OVERLAYABLE
   CODE SIZE        =    127    ----
   CONSTANT SIZE    =     11    ----
   XDATA SIZE       =   ----    ----
   PDATA SIZE       =   ----    ----
   DATA SIZE        =      6    ----
   IDATA SIZE       =   ----    ----
   BIT SIZE         =   ----    ----
END OF MODULE INFORMATION.


C51 COMPILATION COMPLETE.  0 WARNING(S),  0 ERROR(S)
