C51 COMPILER V9.60.0.0   PIPENUMS                                                          10/10/2022 16:28:00 PAGE 1   


C51 COMPILER V9.60.0.0, COMPILATION OF MODULE PIPENUMS
OBJECT MODULE PLACED IN .\Objects\PipeNums.obj
COMPILER INVOKED BY: D:\Keil_v5\C51\BIN\C51.EXE PipeNums.c OPTIMIZE(8,SPEED) BROWSE DEBUG OBJECTEXTEND PRINT(.\Listings\
                    -PipeNums.lst) TABS(2) OBJECT(.\Objects\PipeNums.obj)

line level    source

   1          #include "reg52.h"
   2          #include "utils.h"
   3          
   4          sbit pipe=P0^7;
   5          
   6          void main(){
   7   1        while(1){
   8   2        int i=0x00;
   9   2        for(i;;i++){
  10   3          pipe=i;
  11   3          sleep(100);
  12   3        }
  13   2      }
  14   1      }


MODULE INFORMATION:   STATIC OVERLAYABLE
   CODE SIZE        =    124    ----
   CONSTANT SIZE    =   ----    ----
   XDATA SIZE       =   ----    ----
   PDATA SIZE       =   ----    ----
   DATA SIZE        =      3       2
   IDATA SIZE       =   ----    ----
   BIT SIZE         =   ----    ----
END OF MODULE INFORMATION.


C51 COMPILATION COMPLETE.  0 WARNING(S),  0 ERROR(S)
