C51 COMPILER V9.60.0.0   SHUMAGUAN                                                         10/17/2022 23:54:05 PAGE 1   


C51 COMPILER V9.60.0.0, COMPILATION OF MODULE SHUMAGUAN
OBJECT MODULE PLACED IN .\Objects\shumaguan.obj
COMPILER INVOKED BY: D:\Keil_v5\C51\BIN\C51.EXE shumaguan.c OPTIMIZE(8,SPEED) BROWSE INCDIR(..\LearningProject_1) DEBUG 
                    -OBJECTEXTEND PRINT(.\Listings\shumaguan.lst) TABS(2) OBJECT(.\Objects\shumaguan.obj)

line level    source

   1          #include "shumaguan.h"
   2          
   3          void select_wei_l(unsigned int w)
   4          {
   5   1          if (w == 0)
   6   1              w++;
   7   1          else if (w > 8)
   8   1              w = 8;
   9   1          xw = 1;
  10   1          pipes = characters[w - 1];
  11   1          xw = 0;
  12   1      }
  13          
  14          void select_wei_r(unsigned int w)
  15          {
  16   1          if (w == 0)
  17   1              w = 8;
  18   1          else if (w > 8)
  19   1              w = 0;
  20   1          else
  21   1              w = 9 - w;
  22   1          select_wei_l(w);
  23   1      }
  24          
  25          void light_with_single_led(unsigned int al, unsigned int bl, unsigned int cl, unsigned int dl, unsigned in
             -t el, unsigned int fl, unsigned int gl, unsigned int dpl)
  26          {
  27   1          a = al;
  28   1          b = bl;
  29   1          c = cl;
  30   1          d = dl;
  31   1          e = el;
  32   1          f = fl;
  33   1          g = gl;
  34   1          dp = dpl;
  35   1      }
  36          
  37          void display_one_char(char const *ch)
  38          {
  39   1          int index = 0;
  40   1          unsigned char to_be_shown = 0x00;
  41   1          for (index = 0; index < 30; index++)
  42   1          {
  43   2              if (characters[index] == ch)
  44   2              {
  45   3                  to_be_shown = characters[index];
  46   3                  break;
  47   3              }
  48   2          }
  49   1          if (*(ch + 1) == ".")
  50   1          {
  51   2              to_be_shown |= 0x80;
  52   2          }
  53   1      
C51 COMPILER V9.60.0.0   SHUMAGUAN                                                         10/17/2022 23:54:05 PAGE 2   

  54   1          xd = 1;
  55   1          pipes = to_be_shown;
  56   1          xd = 0;
  57   1      }
  58          
  59          


MODULE INFORMATION:   STATIC OVERLAYABLE
   CODE SIZE        =    239    ----
   CONSTANT SIZE    =     40    ----
   XDATA SIZE       =   ----    ----
   PDATA SIZE       =   ----    ----
   DATA SIZE        =   ----      19
   IDATA SIZE       =   ----    ----
   BIT SIZE         =   ----    ----
END OF MODULE INFORMATION.


C51 COMPILATION COMPLETE.  0 WARNING(S),  0 ERROR(S)
