C51 COMPILER V9.60.0.0   UTILS                                                             10/17/2022 23:54:05 PAGE 1   


C51 COMPILER V9.60.0.0, COMPILATION OF MODULE UTILS
OBJECT MODULE PLACED IN .\Objects\utils.obj
COMPILER INVOKED BY: D:\Keil_v5\C51\BIN\C51.EXE utils.c OPTIMIZE(8,SPEED) BROWSE INCDIR(..\LearningProject_1) DEBUG OBJE
                    -CTEXTEND PRINT(.\Listings\utils.lst) TABS(2) OBJECT(.\Objects\utils.obj)

line level    source

   1          #include "utils.h"
   2          
   3          void delayMillis(uint millis)
   4          {
   5   1          int i, j;
   6   1          for (i = 0; i < millis; i++)
   7   1          {
   8   2              for (j = 0; j < 114; j++)
   9   2              {
  10   3              }
  11   2          }
  12   1      }
  13          
  14          void delaySec(uint sec)
  15          {
  16   1          int i, j, n;
  17   1          for (i = 0; i < sec; i++)
  18   1          {
  19   2              for (j = 0; j < 1000; j++)
  20   2              {
  21   3                  for (n = 0; n < 114; n++)
  22   3                  {
  23   4                  }
  24   3              }
  25   2          }
  26   1      }
  27          void delay(uint times)
  28          {
  29   1          int i;
  30   1          for (i = 0; i < times; i++)
  31   1          {
  32   2          }
  33   1      }


MODULE INFORMATION:   STATIC OVERLAYABLE
   CODE SIZE        =     94    ----
   CONSTANT SIZE    =   ----    ----
   XDATA SIZE       =   ----    ----
   PDATA SIZE       =   ----    ----
   DATA SIZE        =      3    ----
   IDATA SIZE       =   ----    ----
   BIT SIZE         =   ----    ----
END OF MODULE INFORMATION.


C51 COMPILATION COMPLETE.  0 WARNING(S),  0 ERROR(S)
